[2017-07-19 00:58:32][debug] 扫码支付日志
[2017-07-19 00:58:32][debug] 结果：
[2017-07-19 00:58:32][debug] 扫码支付成功
[2017-07-19 00:58:32][debug] 支付成功未更新付款状态
[2017-07-19 00:58:32][debug] native money right!
[2017-07-19 00:58:32][debug] 支付成功已更新付款状态83
[2017-07-19 00:58:48][debug] 扫码支付日志
[2017-07-19 00:58:48][debug] 结果：
[2017-07-19 00:58:48][debug] 扫码支付成功
[2017-07-19 00:59:05][debug] 扫码支付日志
[2017-07-19 00:59:05][debug] 结果：
[2017-07-19 00:59:05][debug] 扫码支付成功
[2017-07-19 00:59:36][debug] 扫码支付日志
[2017-07-19 00:59:36][debug] 结果：
[2017-07-19 00:59:36][debug] 扫码支付成功
[2017-07-19 01:02:38][debug] 扫码支付日志
[2017-07-19 01:02:38][debug] 结果：
[2017-07-19 01:02:38][debug] 扫码支付成功
[2017-07-19 01:32:40][debug] 扫码支付日志
[2017-07-19 01:32:40][debug] 结果：
[2017-07-19 01:32:40][debug] 扫码支付成功
[2017-07-19 02:02:42][debug] 扫码支付日志
[2017-07-19 02:02:42][debug] 结果：
[2017-07-19 02:02:42][debug] 扫码支付成功
[2017-07-19 02:32:43][debug] 扫码支付日志
[2017-07-19 02:32:43][debug] 结果：
[2017-07-19 02:32:43][debug] 扫码支付成功
[2017-07-19 03:02:46][debug] 扫码支付日志
[2017-07-19 03:02:46][debug] 结果：
[2017-07-19 03:02:46][debug] 扫码支付成功
[2017-07-19 04:02:48][debug] 扫码支付日志
[2017-07-19 04:02:48][debug] 结果：
[2017-07-19 04:02:48][debug] 扫码支付成功
